<?xml version="1.0" encoding="UTF-8"?>
<!-- Generated by org.testng.reporters.JUnitXMLReporter -->
<testsuite ignored="0" hostname="Muhameds-MBP-2" failures="3" tests="3" name="AlertsTests" time="38.025" errors="0" timestamp="28 Mar 2022 16:47:21 GMT">
  <testcase classname="com.herokuapp.theinternet.alertstest.AlertsTests" name="jsAlertTest" time="13.389">
    <failure type="org.openqa.selenium.TimeoutException" message="Expected condition failed: waiting for visibility of element located by By.linkText: JavaScript Alerts (tried for 5 second(s) with 500 milliseconds interval)">
      <![CDATA[org.openqa.selenium.TimeoutException: Expected condition failed: waiting for visibility of element located by By.linkText: JavaScript Alerts (tried for 5 second(s) with 500 milliseconds interval)
at org.openqa.selenium.support.ui.WebDriverWait.timeoutException(WebDriverWait.java:113)
at org.openqa.selenium.support.ui.FluentWait.until(FluentWait.java:283)
at pages.BasePageObject.waitFor(BasePageObject.java:73)
at pages.BasePageObject.waitForVisibilityOf(BasePageObject.java:84)
at pages.BasePageObject.click(BasePageObject.java:57)
at pages.WelcomePage.clickJavaScriptAlertsLink(WelcomePage.java:30)
at com.herokuapp.theinternet.alertstest.AlertsTests.jsAlertTest(AlertsTests.java:19)
Caused by: org.openqa.selenium.NoSuchElementException: Cannot locate an element using By.linkText: JavaScript Alerts
For documentation on this error, please visit: http://seleniumhq.org/exceptions/no_such_element.html
Build info: version: '3.14.0', revision: 'aacccce0', time: '2018-08-02T20:19:58.91Z'
System info: host: 'Muhameds-MBP-2', ip: 'fd0c:e4a0:23fc:8600:424:22b5:e3c0:e6bd%en0', os.name: 'Mac OS X', os.arch: 'x86_64', os.version: '10.16', java.version: '13.0.1'
Driver info: driver.version: unknown
at org.openqa.selenium.support.ui.ExpectedConditions.lambda$findElement$0(ExpectedConditions.java:896)
at java.base/java.util.Optional.orElseThrow(Optional.java:401)
at org.openqa.selenium.support.ui.ExpectedConditions.findElement(ExpectedConditions.java:895)
at org.openqa.selenium.support.ui.ExpectedConditions.access$000(ExpectedConditions.java:44)
at org.openqa.selenium.support.ui.ExpectedConditions$7.apply(ExpectedConditions.java:206)
at org.openqa.selenium.support.ui.ExpectedConditions$7.apply(ExpectedConditions.java:202)
at org.openqa.selenium.support.ui.FluentWait.until(FluentWait.java:260)
... 30 more
... Removed 25 stack frames]]>
    </failure>
  </testcase> <!-- jsAlertTest -->
  <testcase classname="com.herokuapp.theinternet.alertstest.AlertsTests" name="jsDismissTest" time="9.822">
    <failure type="org.openqa.selenium.TimeoutException" message="Expected condition failed: waiting for visibility of element located by By.linkText: JavaScript Alerts (tried for 5 second(s) with 500 milliseconds interval)">
      <![CDATA[org.openqa.selenium.TimeoutException: Expected condition failed: waiting for visibility of element located by By.linkText: JavaScript Alerts (tried for 5 second(s) with 500 milliseconds interval)
at org.openqa.selenium.support.ui.WebDriverWait.timeoutException(WebDriverWait.java:113)
at org.openqa.selenium.support.ui.FluentWait.until(FluentWait.java:283)
at pages.BasePageObject.waitFor(BasePageObject.java:73)
at pages.BasePageObject.waitForVisibilityOf(BasePageObject.java:84)
at pages.BasePageObject.click(BasePageObject.java:57)
at pages.WelcomePage.clickJavaScriptAlertsLink(WelcomePage.java:30)
at com.herokuapp.theinternet.alertstest.AlertsTests.jsDismissTest(AlertsTests.java:53)
Caused by: org.openqa.selenium.NoSuchElementException: Cannot locate an element using By.linkText: JavaScript Alerts
For documentation on this error, please visit: http://seleniumhq.org/exceptions/no_such_element.html
Build info: version: '3.14.0', revision: 'aacccce0', time: '2018-08-02T20:19:58.91Z'
System info: host: 'Muhameds-MBP-2', ip: 'fd0c:e4a0:23fc:8600:424:22b5:e3c0:e6bd%en0', os.name: 'Mac OS X', os.arch: 'x86_64', os.version: '10.16', java.version: '13.0.1'
Driver info: driver.version: unknown
at org.openqa.selenium.support.ui.ExpectedConditions.lambda$findElement$0(ExpectedConditions.java:896)
at java.base/java.util.Optional.orElseThrow(Optional.java:401)
at org.openqa.selenium.support.ui.ExpectedConditions.findElement(ExpectedConditions.java:895)
at org.openqa.selenium.support.ui.ExpectedConditions.access$000(ExpectedConditions.java:44)
at org.openqa.selenium.support.ui.ExpectedConditions$7.apply(ExpectedConditions.java:206)
at org.openqa.selenium.support.ui.ExpectedConditions$7.apply(ExpectedConditions.java:202)
at org.openqa.selenium.support.ui.FluentWait.until(FluentWait.java:260)
... 30 more
... Removed 25 stack frames]]>
    </failure>
  </testcase> <!-- jsDismissTest -->
  <testcase classname="com.herokuapp.theinternet.alertstest.AlertsTests" name="jsPromptTest" time="9.538">
    <failure type="org.openqa.selenium.TimeoutException" message="Expected condition failed: waiting for visibility of element located by By.linkText: JavaScript Alerts (tried for 5 second(s) with 500 milliseconds interval)">
      <![CDATA[org.openqa.selenium.TimeoutException: Expected condition failed: waiting for visibility of element located by By.linkText: JavaScript Alerts (tried for 5 second(s) with 500 milliseconds interval)
at org.openqa.selenium.support.ui.WebDriverWait.timeoutException(WebDriverWait.java:113)
at org.openqa.selenium.support.ui.FluentWait.until(FluentWait.java:283)
at pages.BasePageObject.waitFor(BasePageObject.java:73)
at pages.BasePageObject.waitForVisibilityOf(BasePageObject.java:84)
at pages.BasePageObject.click(BasePageObject.java:57)
at pages.WelcomePage.clickJavaScriptAlertsLink(WelcomePage.java:30)
at com.herokuapp.theinternet.alertstest.AlertsTests.jsPromptTest(AlertsTests.java:87)
Caused by: org.openqa.selenium.NoSuchElementException: Cannot locate an element using By.linkText: JavaScript Alerts
For documentation on this error, please visit: http://seleniumhq.org/exceptions/no_such_element.html
Build info: version: '3.14.0', revision: 'aacccce0', time: '2018-08-02T20:19:58.91Z'
System info: host: 'Muhameds-MBP-2', ip: 'fd0c:e4a0:23fc:8600:424:22b5:e3c0:e6bd%en0', os.name: 'Mac OS X', os.arch: 'x86_64', os.version: '10.16', java.version: '13.0.1'
Driver info: driver.version: unknown
at org.openqa.selenium.support.ui.ExpectedConditions.lambda$findElement$0(ExpectedConditions.java:896)
at java.base/java.util.Optional.orElseThrow(Optional.java:401)
at org.openqa.selenium.support.ui.ExpectedConditions.findElement(ExpectedConditions.java:895)
at org.openqa.selenium.support.ui.ExpectedConditions.access$000(ExpectedConditions.java:44)
at org.openqa.selenium.support.ui.ExpectedConditions$7.apply(ExpectedConditions.java:206)
at org.openqa.selenium.support.ui.ExpectedConditions$7.apply(ExpectedConditions.java:202)
at org.openqa.selenium.support.ui.FluentWait.until(FluentWait.java:260)
... 30 more
... Removed 25 stack frames]]>
    </failure>
  </testcase> <!-- jsPromptTest -->
</testsuite> <!-- AlertsTests -->
